<?xml version="1.0" encoding="UTF-8"?>
<!-- Generated by org.testng.reporters.JUnitReportReporter -->
<testsuite hostname="PPG-3RC2R14" failures="0" tests="1" name="testRunner.Runner" time="24.323" errors="0" timestamp="2024-06-28T11:14:14 IST" skipped="0">
  <testcase classname="testRunner.Runner" name="runScenario" time="24.323"/>
  <system-out/>
</testsuite> <!-- testRunner.Runner -->
